{"C:\\telkomUniv_rahmah\\collage\\semester6\\DevOps\\TubesWebpro\\backend\\express_logilearn\\src\\controllers\\levelController.js": {"path":"C:\\telkomUniv_rahmah\\collage\\semester6\\DevOps\\TubesWebpro\\backend\\express_logilearn\\src\\controllers\\levelController.js","statementMap":{"0":{"start":{"line":1,"column":14},"end":{"line":1,"column":40}},"1":{"start":{"line":2,"column":17},"end":{"line":2,"column":47}},"2":{"start":{"line":3,"column":14},"end":{"line":3,"column":30}},"3":{"start":{"line":6,"column":4},"end":{"line":6,"column":68}},"4":{"start":{"line":6,"column":37},"end":{"line":6,"column":68}},"5":{"start":{"line":7,"column":4},"end":{"line":7,"column":70}},"6":{"start":{"line":7,"column":32},"end":{"line":7,"column":70}},"7":{"start":{"line":8,"column":4},"end":{"line":8,"column":50}},"8":{"start":{"line":8,"column":20},"end":{"line":8,"column":50}},"9":{"start":{"line":9,"column":4},"end":{"line":11,"column":5}},"10":{"start":{"line":10,"column":8},"end":{"line":10,"column":97}},"11":{"start":{"line":10,"column":49},"end":{"line":10,"column":97}},"12":{"start":{"line":12,"column":4},"end":{"line":12,"column":15}},"13":{"start":{"line":16,"column":17},"end":{"line":16,"column":45}},"14":{"start":{"line":17,"column":4},"end":{"line":17,"column":74}},"15":{"start":{"line":17,"column":17},"end":{"line":17,"column":60}},"16":{"start":{"line":17,"column":61},"end":{"line":17,"column":72}},"17":{"start":{"line":18,"column":4},"end":{"line":18,"column":15}},"18":{"start":{"line":22,"column":4},"end":{"line":22,"column":53}},"19":{"start":{"line":23,"column":4},"end":{"line":23,"column":68}},"20":{"start":{"line":28,"column":4},"end":{"line":34,"column":59}},"21":{"start":{"line":29,"column":55},"end":{"line":29,"column":63}},"22":{"start":{"line":30,"column":20},"end":{"line":30,"column":63}},"23":{"start":{"line":31,"column":8},"end":{"line":31,"column":53}},"24":{"start":{"line":31,"column":17},"end":{"line":31,"column":53}},"25":{"start":{"line":32,"column":21},"end":{"line":32,"column":103}},"26":{"start":{"line":33,"column":8},"end":{"line":33,"column":62}},"27":{"start":{"line":34,"column":20},"end":{"line":34,"column":57}},"28":{"start":{"line":38,"column":4},"end":{"line":43,"column":59}},"29":{"start":{"line":39,"column":32},"end":{"line":39,"column":42}},"30":{"start":{"line":40,"column":21},"end":{"line":40,"column":94}},"31":{"start":{"line":41,"column":8},"end":{"line":41,"column":82}},"32":{"start":{"line":41,"column":33},"end":{"line":41,"column":82}},"33":{"start":{"line":42,"column":8},"end":{"line":42,"column":60}},"34":{"start":{"line":43,"column":20},"end":{"line":43,"column":57}},"35":{"start":{"line":47,"column":4},"end":{"line":51,"column":61}},"36":{"start":{"line":48,"column":21},"end":{"line":48,"column":47}},"37":{"start":{"line":49,"column":8},"end":{"line":49,"column":68}},"38":{"start":{"line":49,"column":19},"end":{"line":49,"column":68}},"39":{"start":{"line":50,"column":8},"end":{"line":50,"column":50}},"40":{"start":{"line":51,"column":20},"end":{"line":51,"column":59}},"41":{"start":{"line":55,"column":4},"end":{"line":60,"column":68}},"42":{"start":{"line":56,"column":32},"end":{"line":56,"column":42}},"43":{"start":{"line":57,"column":21},"end":{"line":57,"column":64}},"44":{"start":{"line":58,"column":8},"end":{"line":58,"column":68}},"45":{"start":{"line":58,"column":19},"end":{"line":58,"column":68}},"46":{"start":{"line":59,"column":8},"end":{"line":59,"column":77}},"47":{"start":{"line":60,"column":20},"end":{"line":60,"column":66}},"48":{"start":{"line":64,"column":4},"end":{"line":69,"column":70}},"49":{"start":{"line":65,"column":36},"end":{"line":65,"column":46}},"50":{"start":{"line":66,"column":21},"end":{"line":66,"column":70}},"51":{"start":{"line":67,"column":8},"end":{"line":67,"column":68}},"52":{"start":{"line":67,"column":19},"end":{"line":67,"column":68}},"53":{"start":{"line":68,"column":8},"end":{"line":68,"column":72}},"54":{"start":{"line":69,"column":20},"end":{"line":69,"column":68}},"55":{"start":{"line":73,"column":4},"end":{"line":78,"column":62}},"56":{"start":{"line":74,"column":23},"end":{"line":74,"column":33}},"57":{"start":{"line":75,"column":21},"end":{"line":75,"column":49}},"58":{"start":{"line":76,"column":8},"end":{"line":76,"column":68}},"59":{"start":{"line":76,"column":19},"end":{"line":76,"column":68}},"60":{"start":{"line":77,"column":8},"end":{"line":77,"column":58}},"61":{"start":{"line":78,"column":20},"end":{"line":78,"column":60}},"62":{"start":{"line":82,"column":4},"end":{"line":91,"column":59}},"63":{"start":{"line":83,"column":23},"end":{"line":83,"column":33}},"64":{"start":{"line":84,"column":55},"end":{"line":84,"column":63}},"65":{"start":{"line":85,"column":20},"end":{"line":85,"column":63}},"66":{"start":{"line":86,"column":8},"end":{"line":86,"column":53}},"67":{"start":{"line":86,"column":17},"end":{"line":86,"column":53}},"68":{"start":{"line":87,"column":25},"end":{"line":87,"column":55}},"69":{"start":{"line":88,"column":8},"end":{"line":88,"column":29}},"70":{"start":{"line":88,"column":23},"end":{"line":88,"column":29}},"71":{"start":{"line":89,"column":24},"end":{"line":89,"column":110}},"72":{"start":{"line":90,"column":8},"end":{"line":90,"column":65}},"73":{"start":{"line":91,"column":20},"end":{"line":91,"column":57}},"74":{"start":{"line":95,"column":4},"end":{"line":101,"column":59}},"75":{"start":{"line":96,"column":23},"end":{"line":96,"column":33}},"76":{"start":{"line":97,"column":25},"end":{"line":97,"column":55}},"77":{"start":{"line":98,"column":8},"end":{"line":98,"column":29}},"78":{"start":{"line":98,"column":23},"end":{"line":98,"column":29}},"79":{"start":{"line":99,"column":8},"end":{"line":99,"column":35}},"80":{"start":{"line":100,"column":8},"end":{"line":100,"column":62}},"81":{"start":{"line":101,"column":20},"end":{"line":101,"column":57}},"82":{"start":{"line":105,"column":4},"end":{"line":112,"column":65}},"83":{"start":{"line":106,"column":36},"end":{"line":106,"column":46}},"84":{"start":{"line":107,"column":21},"end":{"line":107,"column":67}},"85":{"start":{"line":108,"column":8},"end":{"line":110,"column":9}},"86":{"start":{"line":109,"column":12},"end":{"line":109,"column":103}},"87":{"start":{"line":111,"column":8},"end":{"line":111,"column":61}},"88":{"start":{"line":112,"column":20},"end":{"line":112,"column":63}},"89":{"start":{"line":116,"column":4},"end":{"line":131,"column":71}},"90":{"start":{"line":117,"column":44},"end":{"line":117,"column":54}},"91":{"start":{"line":118,"column":24},"end":{"line":118,"column":34}},"92":{"start":{"line":119,"column":23},"end":{"line":119,"column":37}},"93":{"start":{"line":120,"column":31},"end":{"line":120,"column":85}},"94":{"start":{"line":121,"column":8},"end":{"line":127,"column":9}},"95":{"start":{"line":122,"column":34},"end":{"line":122,"column":67}},"96":{"start":{"line":123,"column":24},"end":{"line":125,"column":46}},"97":{"start":{"line":126,"column":12},"end":{"line":126,"column":48}},"98":{"start":{"line":128,"column":21},"end":{"line":128,"column":88}},"99":{"start":{"line":129,"column":8},"end":{"line":129,"column":106}},"100":{"start":{"line":129,"column":19},"end":{"line":129,"column":106}},"101":{"start":{"line":130,"column":8},"end":{"line":130,"column":88}},"102":{"start":{"line":131,"column":20},"end":{"line":131,"column":69}},"103":{"start":{"line":134,"column":0},"end":{"line":138,"column":1}}},"fnMap":{"0":{"name":"validateLevelInput","decl":{"start":{"line":5,"column":9},"end":{"line":5,"column":27}},"loc":{"start":{"line":5,"column":53},"end":{"line":13,"column":1}},"line":5},"1":{"name":"findLevelOrFail","decl":{"start":{"line":15,"column":15},"end":{"line":15,"column":30}},"loc":{"start":{"line":15,"column":40},"end":{"line":19,"column":1}},"line":15},"2":{"name":"handleError","decl":{"start":{"line":21,"column":9},"end":{"line":21,"column":20}},"loc":{"start":{"line":21,"column":40},"end":{"line":24,"column":1}},"line":21},"3":{"name":"create","decl":{"start":{"line":27,"column":15},"end":{"line":27,"column":21}},"loc":{"start":{"line":27,"column":32},"end":{"line":35,"column":1}},"line":27},"4":{"name":"fetchLevels","decl":{"start":{"line":37,"column":15},"end":{"line":37,"column":26}},"loc":{"start":{"line":37,"column":37},"end":{"line":44,"column":1}},"line":37},"5":{"name":"getAll","decl":{"start":{"line":46,"column":15},"end":{"line":46,"column":21}},"loc":{"start":{"line":46,"column":32},"end":{"line":52,"column":1}},"line":46},"6":{"name":"getAllBySection","decl":{"start":{"line":54,"column":15},"end":{"line":54,"column":30}},"loc":{"start":{"line":54,"column":41},"end":{"line":61,"column":1}},"line":54},"7":{"name":"getBySectionId","decl":{"start":{"line":63,"column":15},"end":{"line":63,"column":29}},"loc":{"start":{"line":63,"column":40},"end":{"line":70,"column":1}},"line":63},"8":{"name":"getById","decl":{"start":{"line":72,"column":15},"end":{"line":72,"column":22}},"loc":{"start":{"line":72,"column":33},"end":{"line":79,"column":1}},"line":72},"9":{"name":"update","decl":{"start":{"line":81,"column":15},"end":{"line":81,"column":21}},"loc":{"start":{"line":81,"column":32},"end":{"line":92,"column":1}},"line":81},"10":{"name":"remove","decl":{"start":{"line":94,"column":15},"end":{"line":94,"column":21}},"loc":{"start":{"line":94,"column":32},"end":{"line":102,"column":1}},"line":94},"11":{"name":"getSoalsByLevel","decl":{"start":{"line":104,"column":15},"end":{"line":104,"column":30}},"loc":{"start":{"line":104,"column":41},"end":{"line":113,"column":1}},"line":104},"12":{"name":"getSoalByLevelAndId","decl":{"start":{"line":115,"column":15},"end":{"line":115,"column":34}},"loc":{"start":{"line":115,"column":45},"end":{"line":132,"column":1}},"line":115}},"branchMap":{"0":{"loc":{"start":{"line":6,"column":4},"end":{"line":6,"column":68}},"type":"if","locations":[{"start":{"line":6,"column":4},"end":{"line":6,"column":68}},{"start":{},"end":{}}],"line":6},"1":{"loc":{"start":{"line":6,"column":8},"end":{"line":6,"column":35}},"type":"binary-expr","locations":[{"start":{"line":6,"column":8},"end":{"line":6,"column":13}},{"start":{"line":6,"column":17},"end":{"line":6,"column":35}}],"line":6},"2":{"loc":{"start":{"line":7,"column":4},"end":{"line":7,"column":70}},"type":"if","locations":[{"start":{"line":7,"column":4},"end":{"line":7,"column":70}},{"start":{},"end":{}}],"line":7},"3":{"loc":{"start":{"line":8,"column":4},"end":{"line":8,"column":50}},"type":"if","locations":[{"start":{"line":8,"column":4},"end":{"line":8,"column":50}},{"start":{},"end":{}}],"line":8},"4":{"loc":{"start":{"line":9,"column":4},"end":{"line":11,"column":5}},"type":"if","locations":[{"start":{"line":9,"column":4},"end":{"line":11,"column":5}},{"start":{},"end":{}}],"line":9},"5":{"loc":{"start":{"line":9,"column":8},"end":{"line":9,"column":64}},"type":"binary-expr","locations":[{"start":{"line":9,"column":8},"end":{"line":9,"column":28}},{"start":{"line":9,"column":32},"end":{"line":9,"column":47}},{"start":{"line":9,"column":51},"end":{"line":9,"column":64}}],"line":9},"6":{"loc":{"start":{"line":10,"column":8},"end":{"line":10,"column":97}},"type":"if","locations":[{"start":{"line":10,"column":8},"end":{"line":10,"column":97}},{"start":{},"end":{}}],"line":10},"7":{"loc":{"start":{"line":10,"column":12},"end":{"line":10,"column":47}},"type":"binary-expr","locations":[{"start":{"line":10,"column":12},"end":{"line":10,"column":25}},{"start":{"line":10,"column":29},"end":{"line":10,"column":47}}],"line":10},"8":{"loc":{"start":{"line":17,"column":4},"end":{"line":17,"column":74}},"type":"if","locations":[{"start":{"line":17,"column":4},"end":{"line":17,"column":74}},{"start":{},"end":{}}],"line":17},"9":{"loc":{"start":{"line":31,"column":8},"end":{"line":31,"column":53}},"type":"if","locations":[{"start":{"line":31,"column":8},"end":{"line":31,"column":53}},{"start":{},"end":{}}],"line":31},"10":{"loc":{"start":{"line":32,"column":69},"end":{"line":32,"column":86}},"type":"binary-expr","locations":[{"start":{"line":32,"column":69},"end":{"line":32,"column":78}},{"start":{"line":32,"column":82},"end":{"line":32,"column":86}}],"line":32},"11":{"loc":{"start":{"line":32,"column":88},"end":{"line":32,"column":102}},"type":"binary-expr","locations":[{"start":{"line":32,"column":88},"end":{"line":32,"column":94}},{"start":{"line":32,"column":98},"end":{"line":32,"column":102}}],"line":32},"12":{"loc":{"start":{"line":41,"column":8},"end":{"line":41,"column":82}},"type":"if","locations":[{"start":{"line":41,"column":8},"end":{"line":41,"column":82}},{"start":{},"end":{}}],"line":41},"13":{"loc":{"start":{"line":41,"column":12},"end":{"line":41,"column":31}},"type":"binary-expr","locations":[{"start":{"line":41,"column":12},"end":{"line":41,"column":17}},{"start":{"line":41,"column":21},"end":{"line":41,"column":31}}],"line":41},"14":{"loc":{"start":{"line":49,"column":8},"end":{"line":49,"column":68}},"type":"if","locations":[{"start":{"line":49,"column":8},"end":{"line":49,"column":68}},{"start":{},"end":{}}],"line":49},"15":{"loc":{"start":{"line":58,"column":8},"end":{"line":58,"column":68}},"type":"if","locations":[{"start":{"line":58,"column":8},"end":{"line":58,"column":68}},{"start":{},"end":{}}],"line":58},"16":{"loc":{"start":{"line":67,"column":8},"end":{"line":67,"column":68}},"type":"if","locations":[{"start":{"line":67,"column":8},"end":{"line":67,"column":68}},{"start":{},"end":{}}],"line":67},"17":{"loc":{"start":{"line":76,"column":8},"end":{"line":76,"column":68}},"type":"if","locations":[{"start":{"line":76,"column":8},"end":{"line":76,"column":68}},{"start":{},"end":{}}],"line":76},"18":{"loc":{"start":{"line":86,"column":8},"end":{"line":86,"column":53}},"type":"if","locations":[{"start":{"line":86,"column":8},"end":{"line":86,"column":53}},{"start":{},"end":{}}],"line":86},"19":{"loc":{"start":{"line":88,"column":8},"end":{"line":88,"column":29}},"type":"if","locations":[{"start":{"line":88,"column":8},"end":{"line":88,"column":29}},{"start":{},"end":{}}],"line":88},"20":{"loc":{"start":{"line":89,"column":76},"end":{"line":89,"column":93}},"type":"binary-expr","locations":[{"start":{"line":89,"column":76},"end":{"line":89,"column":85}},{"start":{"line":89,"column":89},"end":{"line":89,"column":93}}],"line":89},"21":{"loc":{"start":{"line":89,"column":95},"end":{"line":89,"column":109}},"type":"binary-expr","locations":[{"start":{"line":89,"column":95},"end":{"line":89,"column":101}},{"start":{"line":89,"column":105},"end":{"line":89,"column":109}}],"line":89},"22":{"loc":{"start":{"line":98,"column":8},"end":{"line":98,"column":29}},"type":"if","locations":[{"start":{"line":98,"column":8},"end":{"line":98,"column":29}},{"start":{},"end":{}}],"line":98},"23":{"loc":{"start":{"line":108,"column":8},"end":{"line":110,"column":9}},"type":"if","locations":[{"start":{"line":108,"column":8},"end":{"line":110,"column":9}},{"start":{},"end":{}}],"line":108},"24":{"loc":{"start":{"line":108,"column":12},"end":{"line":108,"column":38}},"type":"binary-expr","locations":[{"start":{"line":108,"column":12},"end":{"line":108,"column":17}},{"start":{"line":108,"column":21},"end":{"line":108,"column":38}}],"line":108},"25":{"loc":{"start":{"line":121,"column":8},"end":{"line":127,"column":9}},"type":"if","locations":[{"start":{"line":121,"column":8},"end":{"line":127,"column":9}},{"start":{},"end":{}}],"line":121},"26":{"loc":{"start":{"line":123,"column":24},"end":{"line":125,"column":46}},"type":"cond-expr","locations":[{"start":{"line":124,"column":18},"end":{"line":124,"column":72}},{"start":{"line":125,"column":18},"end":{"line":125,"column":46}}],"line":123},"27":{"loc":{"start":{"line":129,"column":8},"end":{"line":129,"column":106}},"type":"if","locations":[{"start":{"line":129,"column":8},"end":{"line":129,"column":106}},{"start":{},"end":{}}],"line":129}},"s":{"0":1,"1":1,"2":1,"3":21,"4":4,"5":17,"6":2,"7":15,"8":3,"9":12,"10":6,"11":3,"12":9,"13":8,"14":8,"15":3,"16":3,"17":5,"18":6,"19":6,"20":7,"21":7,"22":7,"23":7,"24":4,"25":3,"26":2,"27":1,"28":0,"29":0,"30":0,"31":0,"32":0,"33":0,"34":0,"35":3,"36":3,"37":2,"38":1,"39":1,"40":1,"41":2,"42":2,"43":2,"44":2,"45":1,"46":1,"47":0,"48":2,"49":2,"50":2,"51":2,"52":1,"53":1,"54":0,"55":3,"56":3,"57":3,"58":2,"59":1,"60":1,"61":1,"62":4,"63":4,"64":4,"65":4,"66":4,"67":1,"68":3,"69":3,"70":1,"71":2,"72":1,"73":1,"74":3,"75":3,"76":3,"77":3,"78":1,"79":2,"80":1,"81":1,"82":2,"83":2,"84":2,"85":2,"86":1,"87":1,"88":0,"89":5,"90":5,"91":5,"92":5,"93":5,"94":4,"95":2,"96":2,"97":2,"98":2,"99":2,"100":1,"101":1,"102":1,"103":1},"f":{"0":21,"1":8,"2":6,"3":7,"4":0,"5":3,"6":2,"7":2,"8":3,"9":4,"10":3,"11":2,"12":5},"b":{"0":[4,17],"1":[21,18],"2":[2,15],"3":[3,12],"4":[6,6],"5":[12,7,7],"6":[3,3],"7":[6,5],"8":[3,5],"9":[4,3],"10":[3,2],"11":[3,2],"12":[0,0],"13":[0,0],"14":[1,1],"15":[1,1],"16":[1,1],"17":[1,1],"18":[1,3],"19":[1,2],"20":[2,1],"21":[2,1],"22":[1,2],"23":[1,1],"24":[2,2],"25":[2,2],"26":[1,1],"27":[1,1]},"_coverageSchema":"1a1c01bbd47fc00a2c39e90264f33305004495a9","hash":"ad890015c7e8bd87a5b5bd2809fb11f177047f45"}
,"C:\\telkomUniv_rahmah\\collage\\semester6\\DevOps\\TubesWebpro\\backend\\express_logilearn\\src\\helpers\\response.js": {"path":"C:\\telkomUniv_rahmah\\collage\\semester6\\DevOps\\TubesWebpro\\backend\\express_logilearn\\src\\helpers\\response.js","statementMap":{"0":{"start":{"line":1,"column":17},"end":{"line":14,"column":1}},"1":{"start":{"line":2,"column":4},"end":{"line":13,"column":6}},"2":{"start":{"line":16,"column":0},"end":{"line":16,"column":25}}},"fnMap":{"0":{"name":"(anonymous_0)","decl":{"start":{"line":1,"column":17},"end":{"line":1,"column":18}},"loc":{"start":{"line":1,"column":53},"end":{"line":14,"column":1}},"line":1}},"branchMap":{},"s":{"0":1,"1":0,"2":1},"f":{"0":0},"b":{},"_coverageSchema":"1a1c01bbd47fc00a2c39e90264f33305004495a9","hash":"273b89b9ab72c0993ee6e666d7ab0f47a3dc4347"}
,"C:\\telkomUniv_rahmah\\collage\\semester6\\DevOps\\TubesWebpro\\backend\\express_logilearn\\src\\models\\level.js": {"path":"C:\\telkomUniv_rahmah\\collage\\semester6\\DevOps\\TubesWebpro\\backend\\express_logilearn\\src\\models\\level.js","statementMap":{"0":{"start":{"line":1,"column":15},"end":{"line":1,"column":34}},"1":{"start":{"line":4,"column":4},"end":{"line":11,"column":6}},"2":{"start":{"line":15,"column":4},"end":{"line":29,"column":6}},"3":{"start":{"line":33,"column":4},"end":{"line":49,"column":6}},"4":{"start":{"line":53,"column":4},"end":{"line":64,"column":6}},"5":{"start":{"line":69,"column":4},"end":{"line":76,"column":6}},"6":{"start":{"line":81,"column":4},"end":{"line":91,"column":6}},"7":{"start":{"line":95,"column":4},"end":{"line":99,"column":6}},"8":{"start":{"line":103,"column":4},"end":{"line":103,"column":85}},"9":{"start":{"line":105,"column":18},"end":{"line":114,"column":6}},"10":{"start":{"line":116,"column":4},"end":{"line":116,"column":56}},"11":{"start":{"line":117,"column":4},"end":{"line":120,"column":5}},"12":{"start":{"line":118,"column":8},"end":{"line":118,"column":76}},"13":{"start":{"line":119,"column":8},"end":{"line":119,"column":18}},"14":{"start":{"line":122,"column":18},"end":{"line":132,"column":6}},"15":{"start":{"line":134,"column":4},"end":{"line":134,"column":68}},"16":{"start":{"line":135,"column":4},"end":{"line":135,"column":17}},"17":{"start":{"line":139,"column":4},"end":{"line":139,"column":111}},"18":{"start":{"line":141,"column":18},"end":{"line":159,"column":6}},"19":{"start":{"line":161,"column":4},"end":{"line":161,"column":56}},"20":{"start":{"line":162,"column":4},"end":{"line":183,"column":5}},"21":{"start":{"line":163,"column":8},"end":{"line":163,"column":137}},"22":{"start":{"line":165,"column":36},"end":{"line":176,"column":10}},"23":{"start":{"line":177,"column":8},"end":{"line":181,"column":9}},"24":{"start":{"line":178,"column":12},"end":{"line":178,"column":191}},"25":{"start":{"line":180,"column":12},"end":{"line":180,"column":66}},"26":{"start":{"line":182,"column":8},"end":{"line":182,"column":20}},"27":{"start":{"line":185,"column":17},"end":{"line":193,"column":6}},"28":{"start":{"line":195,"column":4},"end":{"line":195,"column":54}},"29":{"start":{"line":196,"column":4},"end":{"line":196,"column":16}},"30":{"start":{"line":199,"column":0},"end":{"line":209,"column":1}}},"fnMap":{"0":{"name":"getAllLevels","decl":{"start":{"line":3,"column":15},"end":{"line":3,"column":27}},"loc":{"start":{"line":3,"column":30},"end":{"line":12,"column":1}},"line":3},"1":{"name":"getLevelsBySection","decl":{"start":{"line":14,"column":15},"end":{"line":14,"column":33}},"loc":{"start":{"line":14,"column":47},"end":{"line":30,"column":1}},"line":14},"2":{"name":"getLevelsBySectionId","decl":{"start":{"line":32,"column":15},"end":{"line":32,"column":35}},"loc":{"start":{"line":32,"column":53},"end":{"line":50,"column":1}},"line":32},"3":{"name":"getLevelById","decl":{"start":{"line":52,"column":15},"end":{"line":52,"column":27}},"loc":{"start":{"line":52,"column":32},"end":{"line":65,"column":1}},"line":52},"4":{"name":"createLevel","decl":{"start":{"line":68,"column":15},"end":{"line":68,"column":26}},"loc":{"start":{"line":68,"column":77},"end":{"line":77,"column":1}},"line":68},"5":{"name":"updateLevel","decl":{"start":{"line":80,"column":15},"end":{"line":80,"column":26}},"loc":{"start":{"line":80,"column":81},"end":{"line":92,"column":1}},"line":80},"6":{"name":"deleteLevel","decl":{"start":{"line":94,"column":15},"end":{"line":94,"column":26}},"loc":{"start":{"line":94,"column":31},"end":{"line":100,"column":1}},"line":94},"7":{"name":"getSoalsByLevelId","decl":{"start":{"line":102,"column":15},"end":{"line":102,"column":32}},"loc":{"start":{"line":102,"column":55},"end":{"line":136,"column":1}},"line":102},"8":{"name":"getSoalByLevelIdAndSoalId","decl":{"start":{"line":138,"column":15},"end":{"line":138,"column":40}},"loc":{"start":{"line":138,"column":71},"end":{"line":197,"column":1}},"line":138}},"branchMap":{"0":{"loc":{"start":{"line":68,"column":44},"end":{"line":68,"column":60}},"type":"default-arg","locations":[{"start":{"line":68,"column":56},"end":{"line":68,"column":60}}],"line":68},"1":{"loc":{"start":{"line":68,"column":62},"end":{"line":68,"column":75}},"type":"default-arg","locations":[{"start":{"line":68,"column":71},"end":{"line":68,"column":75}}],"line":68},"2":{"loc":{"start":{"line":73,"column":23},"end":{"line":73,"column":40}},"type":"binary-expr","locations":[{"start":{"line":73,"column":23},"end":{"line":73,"column":32}},{"start":{"line":73,"column":36},"end":{"line":73,"column":40}}],"line":73},"3":{"loc":{"start":{"line":74,"column":20},"end":{"line":74,"column":50}},"type":"cond-expr","locations":[{"start":{"line":74,"column":29},"end":{"line":74,"column":43}},{"start":{"line":74,"column":46},"end":{"line":74,"column":50}}],"line":74},"4":{"loc":{"start":{"line":80,"column":48},"end":{"line":80,"column":64}},"type":"default-arg","locations":[{"start":{"line":80,"column":60},"end":{"line":80,"column":64}}],"line":80},"5":{"loc":{"start":{"line":80,"column":66},"end":{"line":80,"column":79}},"type":"default-arg","locations":[{"start":{"line":80,"column":75},"end":{"line":80,"column":79}}],"line":80},"6":{"loc":{"start":{"line":88,"column":23},"end":{"line":88,"column":40}},"type":"binary-expr","locations":[{"start":{"line":88,"column":23},"end":{"line":88,"column":32}},{"start":{"line":88,"column":36},"end":{"line":88,"column":40}}],"line":88},"7":{"loc":{"start":{"line":89,"column":20},"end":{"line":89,"column":50}},"type":"cond-expr","locations":[{"start":{"line":89,"column":29},"end":{"line":89,"column":43}},{"start":{"line":89,"column":46},"end":{"line":89,"column":50}}],"line":89},"8":{"loc":{"start":{"line":116,"column":32},"end":{"line":116,"column":52}},"type":"cond-expr","locations":[{"start":{"line":116,"column":40},"end":{"line":116,"column":45}},{"start":{"line":116,"column":48},"end":{"line":116,"column":52}}],"line":116},"9":{"loc":{"start":{"line":117,"column":4},"end":{"line":120,"column":5}},"type":"if","locations":[{"start":{"line":117,"column":4},"end":{"line":120,"column":5}},{"start":{},"end":{}}],"line":117},"10":{"loc":{"start":{"line":161,"column":32},"end":{"line":161,"column":52}},"type":"cond-expr","locations":[{"start":{"line":161,"column":40},"end":{"line":161,"column":45}},{"start":{"line":161,"column":48},"end":{"line":161,"column":52}}],"line":161},"11":{"loc":{"start":{"line":162,"column":4},"end":{"line":183,"column":5}},"type":"if","locations":[{"start":{"line":162,"column":4},"end":{"line":183,"column":5}},{"start":{"line":164,"column":11},"end":{"line":183,"column":5}}],"line":162},"12":{"loc":{"start":{"line":177,"column":8},"end":{"line":181,"column":9}},"type":"if","locations":[{"start":{"line":177,"column":8},"end":{"line":181,"column":9}},{"start":{"line":179,"column":15},"end":{"line":181,"column":9}}],"line":177},"13":{"loc":{"start":{"line":195,"column":31},"end":{"line":195,"column":50}},"type":"cond-expr","locations":[{"start":{"line":195,"column":38},"end":{"line":195,"column":43}},{"start":{"line":195,"column":46},"end":{"line":195,"column":50}}],"line":195}},"s":{"0":2,"1":1,"2":0,"3":0,"4":1,"5":1,"6":1,"7":1,"8":2,"9":2,"10":2,"11":2,"12":1,"13":1,"14":1,"15":1,"16":1,"17":2,"18":2,"19":2,"20":2,"21":1,"22":1,"23":1,"24":0,"25":1,"26":1,"27":1,"28":1,"29":1,"30":2},"f":{"0":1,"1":0,"2":0,"3":1,"4":1,"5":1,"6":1,"7":2,"8":2},"b":{"0":[0],"1":[0],"2":[1,0],"3":[1,0],"4":[0],"5":[0],"6":[1,1],"7":[0,1],"8":[1,1],"9":[1,1],"10":[1,1],"11":[1,1],"12":[0,1],"13":[1,0]},"_coverageSchema":"1a1c01bbd47fc00a2c39e90264f33305004495a9","hash":"b6da613dccecca3a07bb5949a524ff45fa4c813a"}
,"C:\\telkomUniv_rahmah\\collage\\semester6\\DevOps\\TubesWebpro\\backend\\express_logilearn\\src\\models\\prisma.js": {"path":"C:\\telkomUniv_rahmah\\collage\\semester6\\DevOps\\TubesWebpro\\backend\\express_logilearn\\src\\models\\prisma.js","statementMap":{"0":{"start":{"line":1,"column":25},"end":{"line":1,"column":50}},"1":{"start":{"line":3,"column":15},"end":{"line":3,"column":33}},"2":{"start":{"line":5,"column":0},"end":{"line":5,"column":23}}},"fnMap":{},"branchMap":{},"s":{"0":1,"1":1,"2":1},"f":{},"b":{},"_coverageSchema":"1a1c01bbd47fc00a2c39e90264f33305004495a9","hash":"977625853d55e63f46eb2fc8cb8e01fdfba196bd"}
}
