{"C:\\telkomUniv_rahmah\\collage\\semester6\\DevOps\\TubesWebpro\\backend\\express_logilearn\\src\\controllers\\levelController.js": {"path":"C:\\telkomUniv_rahmah\\collage\\semester6\\DevOps\\TubesWebpro\\backend\\express_logilearn\\src\\controllers\\levelController.js","statementMap":{"0":{"start":{"line":1,"column":14},"end":{"line":1,"column":40}},"1":{"start":{"line":2,"column":17},"end":{"line":2,"column":47}},"2":{"start":{"line":3,"column":14},"end":{"line":3,"column":30}},"3":{"start":{"line":6,"column":4},"end":{"line":29,"column":5}},"4":{"start":{"line":8,"column":53},"end":{"line":8,"column":61}},"5":{"start":{"line":11,"column":8},"end":{"line":13,"column":9}},"6":{"start":{"line":12,"column":12},"end":{"line":12,"column":69}},"7":{"start":{"line":14,"column":8},"end":{"line":16,"column":9}},"8":{"start":{"line":15,"column":12},"end":{"line":15,"column":76}},"9":{"start":{"line":17,"column":8},"end":{"line":19,"column":9}},"10":{"start":{"line":18,"column":12},"end":{"line":18,"column":68}},"11":{"start":{"line":20,"column":8},"end":{"line":22,"column":9}},"12":{"start":{"line":21,"column":12},"end":{"line":21,"column":86}},"13":{"start":{"line":24,"column":21},"end":{"line":24,"column":87}},"14":{"start":{"line":25,"column":8},"end":{"line":25,"column":62}},"15":{"start":{"line":27,"column":8},"end":{"line":27,"column":32}},"16":{"start":{"line":28,"column":8},"end":{"line":28,"column":62}},"17":{"start":{"line":33,"column":4},"end":{"line":43,"column":5}},"18":{"start":{"line":34,"column":30},"end":{"line":34,"column":40}},"19":{"start":{"line":35,"column":21},"end":{"line":35,"column":94}},"20":{"start":{"line":36,"column":8},"end":{"line":38,"column":9}},"21":{"start":{"line":37,"column":12},"end":{"line":37,"column":61}},"22":{"start":{"line":39,"column":8},"end":{"line":39,"column":60}},"23":{"start":{"line":41,"column":8},"end":{"line":41,"column":32}},"24":{"start":{"line":42,"column":8},"end":{"line":42,"column":62}},"25":{"start":{"line":47,"column":4},"end":{"line":56,"column":5}},"26":{"start":{"line":48,"column":21},"end":{"line":48,"column":47}},"27":{"start":{"line":49,"column":8},"end":{"line":51,"column":9}},"28":{"start":{"line":50,"column":12},"end":{"line":50,"column":61}},"29":{"start":{"line":52,"column":8},"end":{"line":52,"column":50}},"30":{"start":{"line":54,"column":8},"end":{"line":54,"column":32}},"31":{"start":{"line":55,"column":8},"end":{"line":55,"column":62}},"32":{"start":{"line":60,"column":4},"end":{"line":70,"column":5}},"33":{"start":{"line":61,"column":30},"end":{"line":61,"column":40}},"34":{"start":{"line":62,"column":21},"end":{"line":62,"column":64}},"35":{"start":{"line":63,"column":8},"end":{"line":65,"column":9}},"36":{"start":{"line":64,"column":12},"end":{"line":64,"column":61}},"37":{"start":{"line":66,"column":8},"end":{"line":66,"column":77}},"38":{"start":{"line":68,"column":8},"end":{"line":68,"column":32}},"39":{"start":{"line":69,"column":8},"end":{"line":69,"column":62}},"40":{"start":{"line":74,"column":4},"end":{"line":84,"column":5}},"41":{"start":{"line":75,"column":34},"end":{"line":75,"column":44}},"42":{"start":{"line":76,"column":21},"end":{"line":76,"column":70}},"43":{"start":{"line":77,"column":8},"end":{"line":79,"column":9}},"44":{"start":{"line":78,"column":12},"end":{"line":78,"column":61}},"45":{"start":{"line":80,"column":8},"end":{"line":80,"column":72}},"46":{"start":{"line":82,"column":8},"end":{"line":82,"column":32}},"47":{"start":{"line":83,"column":8},"end":{"line":83,"column":82}},"48":{"start":{"line":88,"column":4},"end":{"line":98,"column":5}},"49":{"start":{"line":89,"column":21},"end":{"line":89,"column":31}},"50":{"start":{"line":90,"column":21},"end":{"line":90,"column":49}},"51":{"start":{"line":91,"column":8},"end":{"line":93,"column":9}},"52":{"start":{"line":92,"column":12},"end":{"line":92,"column":61}},"53":{"start":{"line":94,"column":8},"end":{"line":94,"column":58}},"54":{"start":{"line":96,"column":8},"end":{"line":96,"column":32}},"55":{"start":{"line":97,"column":8},"end":{"line":97,"column":77}},"56":{"start":{"line":102,"column":4},"end":{"line":126,"column":5}},"57":{"start":{"line":103,"column":21},"end":{"line":103,"column":31}},"58":{"start":{"line":104,"column":53},"end":{"line":104,"column":61}},"59":{"start":{"line":107,"column":8},"end":{"line":109,"column":9}},"60":{"start":{"line":108,"column":12},"end":{"line":108,"column":69}},"61":{"start":{"line":110,"column":8},"end":{"line":112,"column":9}},"62":{"start":{"line":111,"column":12},"end":{"line":111,"column":76}},"63":{"start":{"line":113,"column":8},"end":{"line":115,"column":9}},"64":{"start":{"line":114,"column":12},"end":{"line":114,"column":68}},"65":{"start":{"line":117,"column":21},"end":{"line":117,"column":49}},"66":{"start":{"line":118,"column":8},"end":{"line":120,"column":9}},"67":{"start":{"line":119,"column":12},"end":{"line":119,"column":61}},"68":{"start":{"line":121,"column":24},"end":{"line":121,"column":94}},"69":{"start":{"line":122,"column":8},"end":{"line":122,"column":65}},"70":{"start":{"line":124,"column":8},"end":{"line":124,"column":32}},"71":{"start":{"line":125,"column":8},"end":{"line":125,"column":74}},"72":{"start":{"line":130,"column":4},"end":{"line":141,"column":5}},"73":{"start":{"line":131,"column":21},"end":{"line":131,"column":31}},"74":{"start":{"line":132,"column":21},"end":{"line":132,"column":49}},"75":{"start":{"line":133,"column":8},"end":{"line":135,"column":9}},"76":{"start":{"line":134,"column":12},"end":{"line":134,"column":61}},"77":{"start":{"line":136,"column":8},"end":{"line":136,"column":35}},"78":{"start":{"line":137,"column":8},"end":{"line":137,"column":62}},"79":{"start":{"line":139,"column":8},"end":{"line":139,"column":32}},"80":{"start":{"line":140,"column":8},"end":{"line":140,"column":74}},"81":{"start":{"line":145,"column":4},"end":{"line":157,"column":5}},"82":{"start":{"line":146,"column":34},"end":{"line":146,"column":44}},"83":{"start":{"line":147,"column":8},"end":{"line":147,"column":88}},"84":{"start":{"line":148,"column":21},"end":{"line":148,"column":67}},"85":{"start":{"line":149,"column":8},"end":{"line":149,"column":84}},"86":{"start":{"line":150,"column":8},"end":{"line":152,"column":9}},"87":{"start":{"line":151,"column":12},"end":{"line":151,"column":103}},"88":{"start":{"line":153,"column":8},"end":{"line":153,"column":61}},"89":{"start":{"line":155,"column":8},"end":{"line":155,"column":60}},"90":{"start":{"line":156,"column":8},"end":{"line":156,"column":80}},"91":{"start":{"line":161,"column":4},"end":{"line":192,"column":5}},"92":{"start":{"line":162,"column":42},"end":{"line":162,"column":52}},"93":{"start":{"line":163,"column":24},"end":{"line":163,"column":34}},"94":{"start":{"line":164,"column":23},"end":{"line":164,"column":37}},"95":{"start":{"line":166,"column":31},"end":{"line":166,"column":85}},"96":{"start":{"line":167,"column":8},"end":{"line":174,"column":9}},"97":{"start":{"line":168,"column":34},"end":{"line":168,"column":67}},"98":{"start":{"line":169,"column":12},"end":{"line":173,"column":13}},"99":{"start":{"line":170,"column":16},"end":{"line":170,"column":103}},"100":{"start":{"line":172,"column":16},"end":{"line":172,"column":77}},"101":{"start":{"line":176,"column":21},"end":{"line":176,"column":88}},"102":{"start":{"line":177,"column":8},"end":{"line":187,"column":9}},"103":{"start":{"line":178,"column":27},"end":{"line":178,"column":54}},"104":{"start":{"line":179,"column":31},"end":{"line":181,"column":14}},"105":{"start":{"line":182,"column":12},"end":{"line":186,"column":13}},"106":{"start":{"line":183,"column":16},"end":{"line":183,"column":103}},"107":{"start":{"line":185,"column":16},"end":{"line":185,"column":83}},"108":{"start":{"line":188,"column":8},"end":{"line":188,"column":88}},"109":{"start":{"line":190,"column":8},"end":{"line":190,"column":64}},"110":{"start":{"line":191,"column":8},"end":{"line":191,"column":70}},"111":{"start":{"line":195,"column":0},"end":{"line":206,"column":1}}},"fnMap":{"0":{"name":"create","decl":{"start":{"line":5,"column":15},"end":{"line":5,"column":21}},"loc":{"start":{"line":5,"column":32},"end":{"line":30,"column":1}},"line":5},"1":{"name":"fetchLevels","decl":{"start":{"line":32,"column":15},"end":{"line":32,"column":26}},"loc":{"start":{"line":32,"column":37},"end":{"line":44,"column":1}},"line":32},"2":{"name":"getAll","decl":{"start":{"line":46,"column":15},"end":{"line":46,"column":21}},"loc":{"start":{"line":46,"column":32},"end":{"line":57,"column":1}},"line":46},"3":{"name":"getAllBySection","decl":{"start":{"line":59,"column":15},"end":{"line":59,"column":30}},"loc":{"start":{"line":59,"column":41},"end":{"line":71,"column":1}},"line":59},"4":{"name":"getBySectionId","decl":{"start":{"line":73,"column":15},"end":{"line":73,"column":29}},"loc":{"start":{"line":73,"column":40},"end":{"line":85,"column":1}},"line":73},"5":{"name":"getById","decl":{"start":{"line":87,"column":15},"end":{"line":87,"column":22}},"loc":{"start":{"line":87,"column":33},"end":{"line":99,"column":1}},"line":87},"6":{"name":"update","decl":{"start":{"line":101,"column":15},"end":{"line":101,"column":21}},"loc":{"start":{"line":101,"column":32},"end":{"line":127,"column":1}},"line":101},"7":{"name":"remove","decl":{"start":{"line":129,"column":15},"end":{"line":129,"column":21}},"loc":{"start":{"line":129,"column":32},"end":{"line":142,"column":1}},"line":129},"8":{"name":"getSoalsByLevel","decl":{"start":{"line":144,"column":15},"end":{"line":144,"column":30}},"loc":{"start":{"line":144,"column":41},"end":{"line":158,"column":1}},"line":144},"9":{"name":"getSoalByLevelAndId","decl":{"start":{"line":160,"column":15},"end":{"line":160,"column":34}},"loc":{"start":{"line":160,"column":45},"end":{"line":193,"column":1}},"line":160}},"branchMap":{"0":{"loc":{"start":{"line":11,"column":8},"end":{"line":13,"column":9}},"type":"if","locations":[{"start":{"line":11,"column":8},"end":{"line":13,"column":9}},{"start":{},"end":{}}],"line":11},"1":{"loc":{"start":{"line":11,"column":12},"end":{"line":11,"column":39}},"type":"binary-expr","locations":[{"start":{"line":11,"column":12},"end":{"line":11,"column":17}},{"start":{"line":11,"column":21},"end":{"line":11,"column":39}}],"line":11},"2":{"loc":{"start":{"line":14,"column":8},"end":{"line":16,"column":9}},"type":"if","locations":[{"start":{"line":14,"column":8},"end":{"line":16,"column":9}},{"start":{},"end":{}}],"line":14},"3":{"loc":{"start":{"line":17,"column":8},"end":{"line":19,"column":9}},"type":"if","locations":[{"start":{"line":17,"column":8},"end":{"line":19,"column":9}},{"start":{},"end":{}}],"line":17},"4":{"loc":{"start":{"line":20,"column":8},"end":{"line":22,"column":9}},"type":"if","locations":[{"start":{"line":20,"column":8},"end":{"line":22,"column":9}},{"start":{},"end":{}}],"line":20},"5":{"loc":{"start":{"line":20,"column":12},"end":{"line":20,"column":109}},"type":"binary-expr","locations":[{"start":{"line":20,"column":12},"end":{"line":20,"column":32}},{"start":{"line":20,"column":36},"end":{"line":20,"column":51}},{"start":{"line":20,"column":55},"end":{"line":20,"column":68}},{"start":{"line":20,"column":73},"end":{"line":20,"column":86}},{"start":{"line":20,"column":90},"end":{"line":20,"column":108}}],"line":20},"6":{"loc":{"start":{"line":36,"column":8},"end":{"line":38,"column":9}},"type":"if","locations":[{"start":{"line":36,"column":8},"end":{"line":38,"column":9}},{"start":{},"end":{}}],"line":36},"7":{"loc":{"start":{"line":49,"column":8},"end":{"line":51,"column":9}},"type":"if","locations":[{"start":{"line":49,"column":8},"end":{"line":51,"column":9}},{"start":{},"end":{}}],"line":49},"8":{"loc":{"start":{"line":63,"column":8},"end":{"line":65,"column":9}},"type":"if","locations":[{"start":{"line":63,"column":8},"end":{"line":65,"column":9}},{"start":{},"end":{}}],"line":63},"9":{"loc":{"start":{"line":77,"column":8},"end":{"line":79,"column":9}},"type":"if","locations":[{"start":{"line":77,"column":8},"end":{"line":79,"column":9}},{"start":{},"end":{}}],"line":77},"10":{"loc":{"start":{"line":91,"column":8},"end":{"line":93,"column":9}},"type":"if","locations":[{"start":{"line":91,"column":8},"end":{"line":93,"column":9}},{"start":{},"end":{}}],"line":91},"11":{"loc":{"start":{"line":107,"column":8},"end":{"line":109,"column":9}},"type":"if","locations":[{"start":{"line":107,"column":8},"end":{"line":109,"column":9}},{"start":{},"end":{}}],"line":107},"12":{"loc":{"start":{"line":107,"column":12},"end":{"line":107,"column":39}},"type":"binary-expr","locations":[{"start":{"line":107,"column":12},"end":{"line":107,"column":17}},{"start":{"line":107,"column":21},"end":{"line":107,"column":39}}],"line":107},"13":{"loc":{"start":{"line":110,"column":8},"end":{"line":112,"column":9}},"type":"if","locations":[{"start":{"line":110,"column":8},"end":{"line":112,"column":9}},{"start":{},"end":{}}],"line":110},"14":{"loc":{"start":{"line":113,"column":8},"end":{"line":115,"column":9}},"type":"if","locations":[{"start":{"line":113,"column":8},"end":{"line":115,"column":9}},{"start":{},"end":{}}],"line":113},"15":{"loc":{"start":{"line":118,"column":8},"end":{"line":120,"column":9}},"type":"if","locations":[{"start":{"line":118,"column":8},"end":{"line":120,"column":9}},{"start":{},"end":{}}],"line":118},"16":{"loc":{"start":{"line":133,"column":8},"end":{"line":135,"column":9}},"type":"if","locations":[{"start":{"line":133,"column":8},"end":{"line":135,"column":9}},{"start":{},"end":{}}],"line":133},"17":{"loc":{"start":{"line":149,"column":53},"end":{"line":149,"column":75}},"type":"cond-expr","locations":[{"start":{"line":149,"column":60},"end":{"line":149,"column":71}},{"start":{"line":149,"column":74},"end":{"line":149,"column":75}}],"line":149},"18":{"loc":{"start":{"line":150,"column":8},"end":{"line":152,"column":9}},"type":"if","locations":[{"start":{"line":150,"column":8},"end":{"line":152,"column":9}},{"start":{},"end":{}}],"line":150},"19":{"loc":{"start":{"line":150,"column":11},"end":{"line":150,"column":37}},"type":"binary-expr","locations":[{"start":{"line":150,"column":11},"end":{"line":150,"column":16}},{"start":{"line":150,"column":20},"end":{"line":150,"column":37}}],"line":150},"20":{"loc":{"start":{"line":167,"column":8},"end":{"line":174,"column":9}},"type":"if","locations":[{"start":{"line":167,"column":8},"end":{"line":174,"column":9}},{"start":{},"end":{}}],"line":167},"21":{"loc":{"start":{"line":169,"column":12},"end":{"line":173,"column":13}},"type":"if","locations":[{"start":{"line":169,"column":12},"end":{"line":173,"column":13}},{"start":{"line":171,"column":19},"end":{"line":173,"column":13}}],"line":169},"22":{"loc":{"start":{"line":177,"column":8},"end":{"line":187,"column":9}},"type":"if","locations":[{"start":{"line":177,"column":8},"end":{"line":187,"column":9}},{"start":{},"end":{}}],"line":177},"23":{"loc":{"start":{"line":182,"column":12},"end":{"line":186,"column":13}},"type":"if","locations":[{"start":{"line":182,"column":12},"end":{"line":186,"column":13}},{"start":{"line":184,"column":19},"end":{"line":186,"column":13}}],"line":182}},"s":{"0":1,"1":1,"2":1,"3":8,"4":8,"5":8,"6":2,"7":6,"8":1,"9":5,"10":1,"11":4,"12":1,"13":3,"14":2,"15":1,"16":1,"17":0,"18":0,"19":0,"20":0,"21":0,"22":0,"23":0,"24":0,"25":2,"26":2,"27":2,"28":1,"29":1,"30":0,"31":0,"32":0,"33":0,"34":0,"35":0,"36":0,"37":0,"38":0,"39":0,"40":0,"41":0,"42":0,"43":0,"44":0,"45":0,"46":0,"47":0,"48":3,"49":3,"50":3,"51":2,"52":1,"53":1,"54":1,"55":1,"56":3,"57":3,"58":3,"59":3,"60":1,"61":2,"62":0,"63":2,"64":0,"65":2,"66":2,"67":1,"68":1,"69":1,"70":0,"71":0,"72":3,"73":3,"74":3,"75":3,"76":1,"77":2,"78":1,"79":1,"80":1,"81":0,"82":0,"83":0,"84":0,"85":0,"86":0,"87":0,"88":0,"89":0,"90":0,"91":0,"92":0,"93":0,"94":0,"95":0,"96":0,"97":0,"98":0,"99":0,"100":0,"101":0,"102":0,"103":0,"104":0,"105":0,"106":0,"107":0,"108":0,"109":0,"110":0,"111":1},"f":{"0":8,"1":0,"2":2,"3":0,"4":0,"5":3,"6":3,"7":3,"8":0,"9":0},"b":{"0":[2,6],"1":[8,7],"2":[1,5],"3":[1,4],"4":[1,3],"5":[4,2,2,2,2],"6":[0,0],"7":[1,1],"8":[0,0],"9":[0,0],"10":[1,1],"11":[1,2],"12":[3,2],"13":[0,2],"14":[0,2],"15":[1,1],"16":[1,2],"17":[0,0],"18":[0,0],"19":[0,0],"20":[0,0],"21":[0,0],"22":[0,0],"23":[0,0]},"_coverageSchema":"1a1c01bbd47fc00a2c39e90264f33305004495a9","hash":"3bcea8c279dec732a7817ceb53ee98e16a8f8d64"}
,"C:\\telkomUniv_rahmah\\collage\\semester6\\DevOps\\TubesWebpro\\backend\\express_logilearn\\src\\helpers\\response.js": {"path":"C:\\telkomUniv_rahmah\\collage\\semester6\\DevOps\\TubesWebpro\\backend\\express_logilearn\\src\\helpers\\response.js","statementMap":{"0":{"start":{"line":1,"column":17},"end":{"line":14,"column":1}},"1":{"start":{"line":2,"column":4},"end":{"line":13,"column":6}},"2":{"start":{"line":16,"column":0},"end":{"line":16,"column":25}}},"fnMap":{"0":{"name":"(anonymous_0)","decl":{"start":{"line":1,"column":17},"end":{"line":1,"column":18}},"loc":{"start":{"line":1,"column":53},"end":{"line":14,"column":1}},"line":1}},"branchMap":{},"s":{"0":1,"1":0,"2":1},"f":{"0":0},"b":{},"_coverageSchema":"1a1c01bbd47fc00a2c39e90264f33305004495a9","hash":"273b89b9ab72c0993ee6e666d7ab0f47a3dc4347"}
,"C:\\telkomUniv_rahmah\\collage\\semester6\\DevOps\\TubesWebpro\\backend\\express_logilearn\\src\\models\\level.js": {"path":"C:\\telkomUniv_rahmah\\collage\\semester6\\DevOps\\TubesWebpro\\backend\\express_logilearn\\src\\models\\level.js","statementMap":{"0":{"start":{"line":1,"column":15},"end":{"line":1,"column":34}},"1":{"start":{"line":4,"column":4},"end":{"line":11,"column":6}},"2":{"start":{"line":15,"column":4},"end":{"line":29,"column":6}},"3":{"start":{"line":33,"column":4},"end":{"line":49,"column":6}},"4":{"start":{"line":53,"column":4},"end":{"line":64,"column":6}},"5":{"start":{"line":69,"column":4},"end":{"line":76,"column":6}},"6":{"start":{"line":81,"column":4},"end":{"line":91,"column":6}},"7":{"start":{"line":95,"column":4},"end":{"line":99,"column":6}},"8":{"start":{"line":103,"column":4},"end":{"line":103,"column":85}},"9":{"start":{"line":105,"column":18},"end":{"line":114,"column":6}},"10":{"start":{"line":116,"column":4},"end":{"line":116,"column":56}},"11":{"start":{"line":117,"column":4},"end":{"line":120,"column":5}},"12":{"start":{"line":118,"column":8},"end":{"line":118,"column":76}},"13":{"start":{"line":119,"column":8},"end":{"line":119,"column":18}},"14":{"start":{"line":122,"column":18},"end":{"line":132,"column":6}},"15":{"start":{"line":134,"column":4},"end":{"line":134,"column":68}},"16":{"start":{"line":135,"column":4},"end":{"line":135,"column":17}},"17":{"start":{"line":139,"column":4},"end":{"line":139,"column":111}},"18":{"start":{"line":141,"column":18},"end":{"line":159,"column":6}},"19":{"start":{"line":161,"column":4},"end":{"line":161,"column":56}},"20":{"start":{"line":162,"column":4},"end":{"line":183,"column":5}},"21":{"start":{"line":163,"column":8},"end":{"line":163,"column":137}},"22":{"start":{"line":165,"column":36},"end":{"line":176,"column":10}},"23":{"start":{"line":177,"column":8},"end":{"line":181,"column":9}},"24":{"start":{"line":178,"column":12},"end":{"line":178,"column":191}},"25":{"start":{"line":180,"column":12},"end":{"line":180,"column":66}},"26":{"start":{"line":182,"column":8},"end":{"line":182,"column":20}},"27":{"start":{"line":185,"column":17},"end":{"line":193,"column":6}},"28":{"start":{"line":195,"column":4},"end":{"line":195,"column":54}},"29":{"start":{"line":196,"column":4},"end":{"line":196,"column":16}},"30":{"start":{"line":199,"column":0},"end":{"line":209,"column":1}}},"fnMap":{"0":{"name":"getAllLevels","decl":{"start":{"line":3,"column":15},"end":{"line":3,"column":27}},"loc":{"start":{"line":3,"column":30},"end":{"line":12,"column":1}},"line":3},"1":{"name":"getLevelsBySection","decl":{"start":{"line":14,"column":15},"end":{"line":14,"column":33}},"loc":{"start":{"line":14,"column":47},"end":{"line":30,"column":1}},"line":14},"2":{"name":"getLevelsBySectionId","decl":{"start":{"line":32,"column":15},"end":{"line":32,"column":35}},"loc":{"start":{"line":32,"column":53},"end":{"line":50,"column":1}},"line":32},"3":{"name":"getLevelById","decl":{"start":{"line":52,"column":15},"end":{"line":52,"column":27}},"loc":{"start":{"line":52,"column":32},"end":{"line":65,"column":1}},"line":52},"4":{"name":"createLevel","decl":{"start":{"line":68,"column":15},"end":{"line":68,"column":26}},"loc":{"start":{"line":68,"column":77},"end":{"line":77,"column":1}},"line":68},"5":{"name":"updateLevel","decl":{"start":{"line":80,"column":15},"end":{"line":80,"column":26}},"loc":{"start":{"line":80,"column":81},"end":{"line":92,"column":1}},"line":80},"6":{"name":"deleteLevel","decl":{"start":{"line":94,"column":15},"end":{"line":94,"column":26}},"loc":{"start":{"line":94,"column":31},"end":{"line":100,"column":1}},"line":94},"7":{"name":"getSoalsByLevelId","decl":{"start":{"line":102,"column":15},"end":{"line":102,"column":32}},"loc":{"start":{"line":102,"column":55},"end":{"line":136,"column":1}},"line":102},"8":{"name":"getSoalByLevelIdAndSoalId","decl":{"start":{"line":138,"column":15},"end":{"line":138,"column":40}},"loc":{"start":{"line":138,"column":71},"end":{"line":197,"column":1}},"line":138}},"branchMap":{"0":{"loc":{"start":{"line":68,"column":44},"end":{"line":68,"column":60}},"type":"default-arg","locations":[{"start":{"line":68,"column":56},"end":{"line":68,"column":60}}],"line":68},"1":{"loc":{"start":{"line":68,"column":62},"end":{"line":68,"column":75}},"type":"default-arg","locations":[{"start":{"line":68,"column":71},"end":{"line":68,"column":75}}],"line":68},"2":{"loc":{"start":{"line":73,"column":23},"end":{"line":73,"column":40}},"type":"binary-expr","locations":[{"start":{"line":73,"column":23},"end":{"line":73,"column":32}},{"start":{"line":73,"column":36},"end":{"line":73,"column":40}}],"line":73},"3":{"loc":{"start":{"line":74,"column":20},"end":{"line":74,"column":50}},"type":"cond-expr","locations":[{"start":{"line":74,"column":29},"end":{"line":74,"column":43}},{"start":{"line":74,"column":46},"end":{"line":74,"column":50}}],"line":74},"4":{"loc":{"start":{"line":80,"column":48},"end":{"line":80,"column":64}},"type":"default-arg","locations":[{"start":{"line":80,"column":60},"end":{"line":80,"column":64}}],"line":80},"5":{"loc":{"start":{"line":80,"column":66},"end":{"line":80,"column":79}},"type":"default-arg","locations":[{"start":{"line":80,"column":75},"end":{"line":80,"column":79}}],"line":80},"6":{"loc":{"start":{"line":88,"column":23},"end":{"line":88,"column":40}},"type":"binary-expr","locations":[{"start":{"line":88,"column":23},"end":{"line":88,"column":32}},{"start":{"line":88,"column":36},"end":{"line":88,"column":40}}],"line":88},"7":{"loc":{"start":{"line":89,"column":20},"end":{"line":89,"column":50}},"type":"cond-expr","locations":[{"start":{"line":89,"column":29},"end":{"line":89,"column":43}},{"start":{"line":89,"column":46},"end":{"line":89,"column":50}}],"line":89},"8":{"loc":{"start":{"line":116,"column":32},"end":{"line":116,"column":52}},"type":"cond-expr","locations":[{"start":{"line":116,"column":40},"end":{"line":116,"column":45}},{"start":{"line":116,"column":48},"end":{"line":116,"column":52}}],"line":116},"9":{"loc":{"start":{"line":117,"column":4},"end":{"line":120,"column":5}},"type":"if","locations":[{"start":{"line":117,"column":4},"end":{"line":120,"column":5}},{"start":{},"end":{}}],"line":117},"10":{"loc":{"start":{"line":161,"column":32},"end":{"line":161,"column":52}},"type":"cond-expr","locations":[{"start":{"line":161,"column":40},"end":{"line":161,"column":45}},{"start":{"line":161,"column":48},"end":{"line":161,"column":52}}],"line":161},"11":{"loc":{"start":{"line":162,"column":4},"end":{"line":183,"column":5}},"type":"if","locations":[{"start":{"line":162,"column":4},"end":{"line":183,"column":5}},{"start":{"line":164,"column":11},"end":{"line":183,"column":5}}],"line":162},"12":{"loc":{"start":{"line":177,"column":8},"end":{"line":181,"column":9}},"type":"if","locations":[{"start":{"line":177,"column":8},"end":{"line":181,"column":9}},{"start":{"line":179,"column":15},"end":{"line":181,"column":9}}],"line":177},"13":{"loc":{"start":{"line":195,"column":31},"end":{"line":195,"column":50}},"type":"cond-expr","locations":[{"start":{"line":195,"column":38},"end":{"line":195,"column":43}},{"start":{"line":195,"column":46},"end":{"line":195,"column":50}}],"line":195}},"s":{"0":1,"1":0,"2":0,"3":0,"4":0,"5":0,"6":0,"7":0,"8":0,"9":0,"10":0,"11":0,"12":0,"13":0,"14":0,"15":0,"16":0,"17":0,"18":0,"19":0,"20":0,"21":0,"22":0,"23":0,"24":0,"25":0,"26":0,"27":0,"28":0,"29":0,"30":1},"f":{"0":0,"1":0,"2":0,"3":0,"4":0,"5":0,"6":0,"7":0,"8":0},"b":{"0":[0],"1":[0],"2":[0,0],"3":[0,0],"4":[0],"5":[0],"6":[0,0],"7":[0,0],"8":[0,0],"9":[0,0],"10":[0,0],"11":[0,0],"12":[0,0],"13":[0,0]},"_coverageSchema":"1a1c01bbd47fc00a2c39e90264f33305004495a9","hash":"b6da613dccecca3a07bb5949a524ff45fa4c813a"}
,"C:\\telkomUniv_rahmah\\collage\\semester6\\DevOps\\TubesWebpro\\backend\\express_logilearn\\src\\models\\prisma.js": {"path":"C:\\telkomUniv_rahmah\\collage\\semester6\\DevOps\\TubesWebpro\\backend\\express_logilearn\\src\\models\\prisma.js","statementMap":{"0":{"start":{"line":1,"column":25},"end":{"line":1,"column":50}},"1":{"start":{"line":3,"column":15},"end":{"line":3,"column":33}},"2":{"start":{"line":5,"column":0},"end":{"line":5,"column":23}}},"fnMap":{},"branchMap":{},"s":{"0":1,"1":1,"2":1},"f":{},"b":{},"_coverageSchema":"1a1c01bbd47fc00a2c39e90264f33305004495a9","hash":"977625853d55e63f46eb2fc8cb8e01fdfba196bd"}
}
