TN:
SF:src\controllers\levelController.js
FN:5,create
FN:32,fetchLevels
FN:46,getAll
FN:59,getAllBySection
FN:73,getBySectionId
FN:87,getById
FN:101,update
FN:129,remove
FN:144,getSoalsByLevel
FN:160,getSoalByLevelAndId
FNF:10
FNH:5
FNDA:8,create
FNDA:0,fetchLevels
FNDA:2,getAll
FNDA:0,getAllBySection
FNDA:0,getBySectionId
FNDA:3,getById
FNDA:3,update
FNDA:3,remove
FNDA:0,getSoalsByLevel
FNDA:0,getSoalByLevelAndId
DA:1,1
DA:2,1
DA:3,1
DA:6,8
DA:8,8
DA:11,8
DA:12,2
DA:14,6
DA:15,1
DA:17,5
DA:18,1
DA:20,4
DA:21,1
DA:24,3
DA:25,2
DA:27,1
DA:28,1
DA:33,0
DA:34,0
DA:35,0
DA:36,0
DA:37,0
DA:39,0
DA:41,0
DA:42,0
DA:47,2
DA:48,2
DA:49,2
DA:50,1
DA:52,1
DA:54,0
DA:55,0
DA:60,0
DA:61,0
DA:62,0
DA:63,0
DA:64,0
DA:66,0
DA:68,0
DA:69,0
DA:74,0
DA:75,0
DA:76,0
DA:77,0
DA:78,0
DA:80,0
DA:82,0
DA:83,0
DA:88,3
DA:89,3
DA:90,3
DA:91,2
DA:92,1
DA:94,1
DA:96,1
DA:97,1
DA:102,3
DA:103,3
DA:104,3
DA:107,3
DA:108,1
DA:110,2
DA:111,0
DA:113,2
DA:114,0
DA:117,2
DA:118,2
DA:119,1
DA:121,1
DA:122,1
DA:124,0
DA:125,0
DA:130,3
DA:131,3
DA:132,3
DA:133,3
DA:134,1
DA:136,2
DA:137,1
DA:139,1
DA:140,1
DA:145,0
DA:146,0
DA:147,0
DA:148,0
DA:149,0
DA:150,0
DA:151,0
DA:153,0
DA:155,0
DA:156,0
DA:161,0
DA:162,0
DA:163,0
DA:164,0
DA:166,0
DA:167,0
DA:168,0
DA:169,0
DA:170,0
DA:172,0
DA:176,0
DA:177,0
DA:178,0
DA:179,0
DA:182,0
DA:183,0
DA:185,0
DA:188,0
DA:190,0
DA:191,0
DA:195,1
LF:112
LH:52
BRDA:11,0,0,2
BRDA:11,0,1,6
BRDA:11,1,0,8
BRDA:11,1,1,7
BRDA:14,2,0,1
BRDA:14,2,1,5
BRDA:17,3,0,1
BRDA:17,3,1,4
BRDA:20,4,0,1
BRDA:20,4,1,3
BRDA:20,5,0,4
BRDA:20,5,1,2
BRDA:20,5,2,2
BRDA:20,5,3,2
BRDA:20,5,4,2
BRDA:36,6,0,0
BRDA:36,6,1,0
BRDA:49,7,0,1
BRDA:49,7,1,1
BRDA:63,8,0,0
BRDA:63,8,1,0
BRDA:77,9,0,0
BRDA:77,9,1,0
BRDA:91,10,0,1
BRDA:91,10,1,1
BRDA:107,11,0,1
BRDA:107,11,1,2
BRDA:107,12,0,3
BRDA:107,12,1,2
BRDA:110,13,0,0
BRDA:110,13,1,2
BRDA:113,14,0,0
BRDA:113,14,1,2
BRDA:118,15,0,1
BRDA:118,15,1,1
BRDA:133,16,0,1
BRDA:133,16,1,2
BRDA:149,17,0,0
BRDA:149,17,1,0
BRDA:150,18,0,0
BRDA:150,18,1,0
BRDA:150,19,0,0
BRDA:150,19,1,0
BRDA:167,20,0,0
BRDA:167,20,1,0
BRDA:169,21,0,0
BRDA:169,21,1,0
BRDA:177,22,0,0
BRDA:177,22,1,0
BRDA:182,23,0,0
BRDA:182,23,1,0
BRF:51
BRH:29
end_of_record
TN:
SF:src\helpers\response.js
FN:1,(anonymous_0)
FNF:1
FNH:0
FNDA:0,(anonymous_0)
DA:1,1
DA:2,0
DA:16,1
LF:3
LH:2
BRF:0
BRH:0
end_of_record
TN:
SF:src\models\level.js
FN:3,getAllLevels
FN:14,getLevelsBySection
FN:32,getLevelsBySectionId
FN:52,getLevelById
FN:68,createLevel
FN:80,updateLevel
FN:94,deleteLevel
FN:102,getSoalsByLevelId
FN:138,getSoalByLevelIdAndSoalId
FNF:9
FNH:0
FNDA:0,getAllLevels
FNDA:0,getLevelsBySection
FNDA:0,getLevelsBySectionId
FNDA:0,getLevelById
FNDA:0,createLevel
FNDA:0,updateLevel
FNDA:0,deleteLevel
FNDA:0,getSoalsByLevelId
FNDA:0,getSoalByLevelIdAndSoalId
DA:1,1
DA:4,0
DA:15,0
DA:33,0
DA:53,0
DA:69,0
DA:81,0
DA:95,0
DA:103,0
DA:105,0
DA:116,0
DA:117,0
DA:118,0
DA:119,0
DA:122,0
DA:134,0
DA:135,0
DA:139,0
DA:141,0
DA:161,0
DA:162,0
DA:163,0
DA:165,0
DA:177,0
DA:178,0
DA:180,0
DA:182,0
DA:185,0
DA:195,0
DA:196,0
DA:199,1
LF:31
LH:2
BRDA:68,0,0,0
BRDA:68,1,0,0
BRDA:73,2,0,0
BRDA:73,2,1,0
BRDA:74,3,0,0
BRDA:74,3,1,0
BRDA:80,4,0,0
BRDA:80,5,0,0
BRDA:88,6,0,0
BRDA:88,6,1,0
BRDA:89,7,0,0
BRDA:89,7,1,0
BRDA:116,8,0,0
BRDA:116,8,1,0
BRDA:117,9,0,0
BRDA:117,9,1,0
BRDA:161,10,0,0
BRDA:161,10,1,0
BRDA:162,11,0,0
BRDA:162,11,1,0
BRDA:177,12,0,0
BRDA:177,12,1,0
BRDA:195,13,0,0
BRDA:195,13,1,0
BRF:24
BRH:0
end_of_record
TN:
SF:src\models\prisma.js
FNF:0
FNH:0
DA:1,1
DA:3,1
DA:5,1
LF:3
LH:3
BRF:0
BRH:0
end_of_record
