TN:
SF:src\controllers\levelController.js
FN:5,validateLevelInput
FN:15,findLevelOrFail
FN:21,handleError
FN:27,create
FN:37,fetchLevels
FN:46,getAll
FN:54,getAllBySection
FN:63,getBySectionId
FN:72,getById
FN:81,update
FN:94,remove
FN:104,getSoalsByLevel
FN:115,getSoalByLevelAndId
FNF:13
FNH:12
FNDA:21,validateLevelInput
FNDA:8,findLevelOrFail
FNDA:6,handleError
FNDA:7,create
FNDA:0,fetchLevels
FNDA:3,getAll
FNDA:2,getAllBySection
FNDA:2,getBySectionId
FNDA:3,getById
FNDA:4,update
FNDA:3,remove
FNDA:2,getSoalsByLevel
FNDA:5,getSoalByLevelAndId
DA:1,1
DA:2,1
DA:3,1
DA:6,21
DA:7,17
DA:8,15
DA:9,12
DA:10,6
DA:12,9
DA:16,8
DA:17,8
DA:18,5
DA:22,6
DA:23,6
DA:28,7
DA:29,7
DA:30,7
DA:31,7
DA:32,3
DA:33,2
DA:34,1
DA:38,0
DA:39,0
DA:40,0
DA:41,0
DA:42,0
DA:43,0
DA:47,3
DA:48,3
DA:49,2
DA:50,1
DA:51,1
DA:55,2
DA:56,2
DA:57,2
DA:58,2
DA:59,1
DA:60,0
DA:64,2
DA:65,2
DA:66,2
DA:67,2
DA:68,1
DA:69,0
DA:73,3
DA:74,3
DA:75,3
DA:76,2
DA:77,1
DA:78,1
DA:82,4
DA:83,4
DA:84,4
DA:85,4
DA:86,4
DA:87,3
DA:88,3
DA:89,2
DA:90,1
DA:91,1
DA:95,3
DA:96,3
DA:97,3
DA:98,3
DA:99,2
DA:100,1
DA:101,1
DA:105,2
DA:106,2
DA:107,2
DA:108,2
DA:109,1
DA:111,1
DA:112,0
DA:116,5
DA:117,5
DA:118,5
DA:119,5
DA:120,5
DA:121,4
DA:122,2
DA:123,2
DA:126,2
DA:128,2
DA:129,2
DA:130,1
DA:131,1
DA:134,1
LF:88
LH:79
BRDA:6,0,0,4
BRDA:6,0,1,17
BRDA:6,1,0,21
BRDA:6,1,1,18
BRDA:7,2,0,2
BRDA:7,2,1,15
BRDA:8,3,0,3
BRDA:8,3,1,12
BRDA:9,4,0,6
BRDA:9,4,1,6
BRDA:9,5,0,12
BRDA:9,5,1,7
BRDA:9,5,2,7
BRDA:10,6,0,3
BRDA:10,6,1,3
BRDA:10,7,0,6
BRDA:10,7,1,5
BRDA:17,8,0,3
BRDA:17,8,1,5
BRDA:31,9,0,4
BRDA:31,9,1,3
BRDA:32,10,0,3
BRDA:32,10,1,2
BRDA:32,11,0,3
BRDA:32,11,1,2
BRDA:41,12,0,0
BRDA:41,12,1,0
BRDA:41,13,0,0
BRDA:41,13,1,0
BRDA:49,14,0,1
BRDA:49,14,1,1
BRDA:58,15,0,1
BRDA:58,15,1,1
BRDA:67,16,0,1
BRDA:67,16,1,1
BRDA:76,17,0,1
BRDA:76,17,1,1
BRDA:86,18,0,1
BRDA:86,18,1,3
BRDA:88,19,0,1
BRDA:88,19,1,2
BRDA:89,20,0,2
BRDA:89,20,1,1
BRDA:89,21,0,2
BRDA:89,21,1,1
BRDA:98,22,0,1
BRDA:98,22,1,2
BRDA:108,23,0,1
BRDA:108,23,1,1
BRDA:108,24,0,2
BRDA:108,24,1,2
BRDA:121,25,0,2
BRDA:121,25,1,2
BRDA:123,26,0,1
BRDA:123,26,1,1
BRDA:129,27,0,1
BRDA:129,27,1,1
BRF:57
BRH:53
end_of_record
TN:
SF:src\helpers\response.js
FN:1,(anonymous_0)
FNF:1
FNH:0
FNDA:0,(anonymous_0)
DA:1,1
DA:2,0
DA:16,1
LF:3
LH:2
BRF:0
BRH:0
end_of_record
TN:
SF:src\models\level.js
FN:3,getAllLevels
FN:14,getLevelsBySection
FN:32,getLevelsBySectionId
FN:52,getLevelById
FN:68,createLevel
FN:80,updateLevel
FN:94,deleteLevel
FN:102,getSoalsByLevelId
FN:138,getSoalByLevelIdAndSoalId
FNF:9
FNH:7
FNDA:1,getAllLevels
FNDA:0,getLevelsBySection
FNDA:0,getLevelsBySectionId
FNDA:1,getLevelById
FNDA:1,createLevel
FNDA:1,updateLevel
FNDA:1,deleteLevel
FNDA:2,getSoalsByLevelId
FNDA:2,getSoalByLevelIdAndSoalId
DA:1,2
DA:4,1
DA:15,0
DA:33,0
DA:53,1
DA:69,1
DA:81,1
DA:95,1
DA:103,2
DA:105,2
DA:116,2
DA:117,2
DA:118,1
DA:119,1
DA:122,1
DA:134,1
DA:135,1
DA:139,2
DA:141,2
DA:161,2
DA:162,2
DA:163,1
DA:165,1
DA:177,1
DA:178,0
DA:180,1
DA:182,1
DA:185,1
DA:195,1
DA:196,1
DA:199,2
LF:31
LH:28
BRDA:68,0,0,0
BRDA:68,1,0,0
BRDA:73,2,0,1
BRDA:73,2,1,0
BRDA:74,3,0,1
BRDA:74,3,1,0
BRDA:80,4,0,0
BRDA:80,5,0,0
BRDA:88,6,0,1
BRDA:88,6,1,1
BRDA:89,7,0,0
BRDA:89,7,1,1
BRDA:116,8,0,1
BRDA:116,8,1,1
BRDA:117,9,0,1
BRDA:117,9,1,1
BRDA:161,10,0,1
BRDA:161,10,1,1
BRDA:162,11,0,1
BRDA:162,11,1,1
BRDA:177,12,0,0
BRDA:177,12,1,1
BRDA:195,13,0,1
BRDA:195,13,1,0
BRF:24
BRH:15
end_of_record
TN:
SF:src\models\prisma.js
FNF:0
FNH:0
DA:1,1
DA:3,1
DA:5,1
LF:3
LH:3
BRF:0
BRH:0
end_of_record
